2026-05-10 13:02:57 | INFO  | Logger initialised → /home/pe1/CV_Pro/CV_LeNets/logs/lenet_leakyrelu_avgpool.log
2026-05-10 13:02:57 | INFO  | ============================================================
2026-05-10 13:02:57 | INFO  |   EXPERIMENT: lenet_leakyrelu_avgpool
2026-05-10 13:02:57 | INFO  |   Activation : leakyrelu
2026-05-10 13:02:57 | INFO  |   Pooling    : avg
2026-05-10 13:02:57 | INFO  |   Epochs     : 1
2026-05-10 13:02:57 | INFO  |   Device     : cuda
2026-05-10 13:02:57 | INFO  | ============================================================
2026-05-10 13:02:57 | INFO  | Parameters  : 61,706
2026-05-10 13:02:57 | INFO  | Model size  : 0.2354 MB
2026-05-10 13:02:57 | INFO  | [Building model] completed in 0.00s
2026-05-10 13:02:58 | INFO  | [Epoch 1] completed in 0.15s
2026-05-10 13:02:58 | INFO  | Epoch   1/1 | Train loss: 2.3046  acc: 0.2500 | Val loss: 2.2860  acc: 0.2500 | Time: 0.2s
2026-05-10 13:02:58 | INFO  | Dry-run mode: stopping after first epoch.
2026-05-10 13:02:58 | INFO  | [Total training for lenet_leakyrelu_avgpool] completed in 0.15s
2026-05-10 13:02:58 | INFO  | [Final test evaluation] completed in 0.07s
2026-05-10 13:02:58 | INFO  | Final test accuracy: 0.1719  (17.19%)
2026-05-10 13:07:06 | INFO  | Logger initialised → /home/pe1/CV_Pro/CV_LeNets/logs/lenet_leakyrelu_avgpool.log
2026-05-10 13:07:06 | INFO  | ============================================================
2026-05-10 13:07:06 | INFO  |   EXPERIMENT: lenet_leakyrelu_avgpool
2026-05-10 13:07:06 | INFO  |   Activation : leakyrelu
2026-05-10 13:07:06 | INFO  |   Pooling    : avg
2026-05-10 13:07:06 | INFO  |   Epochs     : 15
2026-05-10 13:07:06 | INFO  |   Device     : cuda
2026-05-10 13:07:06 | INFO  | ============================================================
2026-05-10 13:07:06 | INFO  | Parameters  : 61,706
2026-05-10 13:07:06 | INFO  | Model size  : 0.2354 MB
2026-05-10 13:07:06 | INFO  | [Building model] completed in 0.00s
2026-05-10 13:07:08 | INFO  | [Epoch 1] completed in 2.32s
2026-05-10 13:07:08 | INFO  | Epoch   1/15 | Train loss: 0.3042  acc: 0.9086 | Val loss: 0.1136  acc: 0.9652 | Time: 2.3s
2026-05-10 13:07:08 | INFO  |   ✓ New best val acc: 0.9652 — checkpoint saved → lenet_leakyrelu_avgpool_best.pth
2026-05-10 13:07:10 | INFO  | [Epoch 2] completed in 2.32s
2026-05-10 13:07:10 | INFO  | Epoch   2/15 | Train loss: 0.0852  acc: 0.9738 | Val loss: 0.0732  acc: 0.9758 | Time: 2.3s
2026-05-10 13:07:10 | INFO  |   ✓ New best val acc: 0.9758 — checkpoint saved → lenet_leakyrelu_avgpool_best.pth
2026-05-10 13:07:13 | INFO  | [Epoch 3] completed in 2.31s
2026-05-10 13:07:13 | INFO  | Epoch   3/15 | Train loss: 0.0588  acc: 0.9821 | Val loss: 0.0537  acc: 0.9838 | Time: 2.3s
2026-05-10 13:07:13 | INFO  |   ✓ New best val acc: 0.9838 — checkpoint saved → lenet_leakyrelu_avgpool_best.pth
2026-05-10 13:07:15 | INFO  | [Epoch 4] completed in 2.37s
2026-05-10 13:07:15 | INFO  | Epoch   4/15 | Train loss: 0.0468  acc: 0.9856 | Val loss: 0.0460  acc: 0.9852 | Time: 2.4s
2026-05-10 13:07:15 | INFO  |   ✓ New best val acc: 0.9852 — checkpoint saved → lenet_leakyrelu_avgpool_best.pth
2026-05-10 13:07:17 | INFO  | [Epoch 5] completed in 2.34s
2026-05-10 13:07:17 | INFO  | Epoch   5/15 | Train loss: 0.0384  acc: 0.9877 | Val loss: 0.0540  acc: 0.9840 | Time: 2.3s
2026-05-10 13:07:20 | INFO  | [Epoch 6] completed in 2.32s
2026-05-10 13:07:20 | INFO  | Epoch   6/15 | Train loss: 0.0332  acc: 0.9895 | Val loss: 0.0452  acc: 0.9863 | Time: 2.3s
2026-05-10 13:07:20 | INFO  |   ✓ New best val acc: 0.9863 — checkpoint saved → lenet_leakyrelu_avgpool_best.pth
2026-05-10 13:07:22 | INFO  | [Epoch 7] completed in 2.33s
2026-05-10 13:07:22 | INFO  | Epoch   7/15 | Train loss: 0.0279  acc: 0.9904 | Val loss: 0.0477  acc: 0.9868 | Time: 2.3s
2026-05-10 13:07:22 | INFO  |   ✓ New best val acc: 0.9868 — checkpoint saved → lenet_leakyrelu_avgpool_best.pth
2026-05-10 13:07:24 | INFO  | [Epoch 8] completed in 2.26s
2026-05-10 13:07:24 | INFO  | Epoch   8/15 | Train loss: 0.0236  acc: 0.9925 | Val loss: 0.0396  acc: 0.9888 | Time: 2.3s
2026-05-10 13:07:24 | INFO  |   ✓ New best val acc: 0.9888 — checkpoint saved → lenet_leakyrelu_avgpool_best.pth
2026-05-10 13:07:27 | INFO  | [Epoch 9] completed in 2.28s
2026-05-10 13:07:27 | INFO  | Epoch   9/15 | Train loss: 0.0190  acc: 0.9934 | Val loss: 0.0403  acc: 0.9897 | Time: 2.3s
2026-05-10 13:07:27 | INFO  |   ✓ New best val acc: 0.9897 — checkpoint saved → lenet_leakyrelu_avgpool_best.pth
2026-05-10 13:07:29 | INFO  | [Epoch 10] completed in 2.32s
2026-05-10 13:07:29 | INFO  | Epoch  10/15 | Train loss: 0.0188  acc: 0.9942 | Val loss: 0.0372  acc: 0.9890 | Time: 2.3s
2026-05-10 13:07:31 | INFO  | [Epoch 11] completed in 2.31s
2026-05-10 13:07:31 | INFO  | Epoch  11/15 | Train loss: 0.0157  acc: 0.9946 | Val loss: 0.0425  acc: 0.9885 | Time: 2.3s
2026-05-10 13:07:33 | INFO  | [Epoch 12] completed in 2.27s
2026-05-10 13:07:33 | INFO  | Epoch  12/15 | Train loss: 0.0156  acc: 0.9947 | Val loss: 0.0401  acc: 0.9888 | Time: 2.3s
2026-05-10 13:07:36 | INFO  | [Epoch 13] completed in 2.33s
2026-05-10 13:07:36 | INFO  | Epoch  13/15 | Train loss: 0.0115  acc: 0.9964 | Val loss: 0.0510  acc: 0.9868 | Time: 2.3s
2026-05-10 13:07:38 | INFO  | [Epoch 14] completed in 2.33s
2026-05-10 13:07:38 | INFO  | Epoch  14/15 | Train loss: 0.0122  acc: 0.9960 | Val loss: 0.0587  acc: 0.9870 | Time: 2.3s
2026-05-10 13:07:40 | INFO  | [Epoch 15] completed in 2.36s
2026-05-10 13:07:40 | INFO  | Epoch  15/15 | Train loss: 0.0120  acc: 0.9963 | Val loss: 0.0396  acc: 0.9910 | Time: 2.4s
2026-05-10 13:07:40 | INFO  |   ✓ New best val acc: 0.9910 — checkpoint saved → lenet_leakyrelu_avgpool_best.pth
2026-05-10 13:07:40 | INFO  | [Total training for lenet_leakyrelu_avgpool] completed in 34.81s
2026-05-10 13:07:40 | INFO  | Loaded best checkpoint (val acc: 0.9910, epoch 15)
2026-05-10 13:07:41 | INFO  | [Final test evaluation] completed in 0.47s
2026-05-10 13:07:41 | INFO  | Final test accuracy: 0.9906  (99.06%)
