2026-05-10 13:02:56 | INFO  | Logger initialised → /home/pe1/CV_Pro/CV_LeNets/logs/lenet_relu_maxpool.log
2026-05-10 13:02:56 | INFO  | ============================================================
2026-05-10 13:02:56 | INFO  |   EXPERIMENT: lenet_relu_maxpool
2026-05-10 13:02:56 | INFO  |   Activation : relu
2026-05-10 13:02:56 | INFO  |   Pooling    : max
2026-05-10 13:02:56 | INFO  |   Epochs     : 1
2026-05-10 13:02:56 | INFO  |   Device     : cuda
2026-05-10 13:02:56 | INFO  | ============================================================
2026-05-10 13:02:56 | INFO  | Parameters  : 61,706
2026-05-10 13:02:56 | INFO  | Model size  : 0.2354 MB
2026-05-10 13:02:56 | INFO  | [Building model] completed in 0.00s
2026-05-10 13:02:56 | INFO  | [Epoch 1] completed in 0.28s
2026-05-10 13:02:56 | INFO  | Epoch   1/1 | Train loss: 2.3049  acc: 0.0312 | Val loss: 2.2946  acc: 0.1719 | Time: 0.3s
2026-05-10 13:02:56 | INFO  | Dry-run mode: stopping after first epoch.
2026-05-10 13:02:56 | INFO  | [Total training for lenet_relu_maxpool] completed in 0.28s
2026-05-10 13:02:56 | INFO  | [Final test evaluation] completed in 0.05s
2026-05-10 13:02:56 | INFO  | Final test accuracy: 0.1406  (14.06%)
2026-05-10 13:02:59 | INFO  | Logger initialised → /home/pe1/CV_Pro/CV_LeNets/logs/lenet_relu_maxpool.log
2026-05-10 13:02:59 | INFO  | ============================================================
2026-05-10 13:02:59 | INFO  |   EXPERIMENT: lenet_relu_maxpool
2026-05-10 13:02:59 | INFO  |   Activation : relu
2026-05-10 13:02:59 | INFO  |   Pooling    : max
2026-05-10 13:02:59 | INFO  |   Epochs     : 15
2026-05-10 13:02:59 | INFO  |   Device     : cuda
2026-05-10 13:02:59 | INFO  | ============================================================
2026-05-10 13:02:59 | INFO  | Parameters  : 61,706
2026-05-10 13:02:59 | INFO  | Model size  : 0.2354 MB
2026-05-10 13:02:59 | INFO  | [Building model] completed in 0.00s
2026-05-10 13:03:02 | INFO  | [Epoch 1] completed in 2.38s
2026-05-10 13:03:02 | INFO  | Epoch   1/15 | Train loss: 0.2719  acc: 0.9170 | Val loss: 0.0975  acc: 0.9703 | Time: 2.4s
2026-05-10 13:03:02 | INFO  |   ✓ New best val acc: 0.9703 — checkpoint saved → lenet_relu_maxpool_best.pth
2026-05-10 13:03:04 | INFO  | [Epoch 2] completed in 2.28s
2026-05-10 13:03:04 | INFO  | Epoch   2/15 | Train loss: 0.0795  acc: 0.9754 | Val loss: 0.0704  acc: 0.9785 | Time: 2.3s
2026-05-10 13:03:04 | INFO  |   ✓ New best val acc: 0.9785 — checkpoint saved → lenet_relu_maxpool_best.pth
2026-05-10 13:03:06 | INFO  | [Epoch 3] completed in 2.31s
2026-05-10 13:03:06 | INFO  | Epoch   3/15 | Train loss: 0.0584  acc: 0.9815 | Val loss: 0.0519  acc: 0.9852 | Time: 2.3s
2026-05-10 13:03:06 | INFO  |   ✓ New best val acc: 0.9852 — checkpoint saved → lenet_relu_maxpool_best.pth
2026-05-10 13:03:09 | INFO  | [Epoch 4] completed in 2.29s
2026-05-10 13:03:09 | INFO  | Epoch   4/15 | Train loss: 0.0454  acc: 0.9855 | Val loss: 0.0569  acc: 0.9828 | Time: 2.3s
2026-05-10 13:03:11 | INFO  | [Epoch 5] completed in 2.31s
2026-05-10 13:03:11 | INFO  | Epoch   5/15 | Train loss: 0.0365  acc: 0.9880 | Val loss: 0.0583  acc: 0.9822 | Time: 2.3s
2026-05-10 13:03:13 | INFO  | [Epoch 6] completed in 2.29s
2026-05-10 13:03:13 | INFO  | Epoch   6/15 | Train loss: 0.0312  acc: 0.9900 | Val loss: 0.0398  acc: 0.9895 | Time: 2.3s
2026-05-10 13:03:13 | INFO  |   ✓ New best val acc: 0.9895 — checkpoint saved → lenet_relu_maxpool_best.pth
2026-05-10 13:03:16 | INFO  | [Epoch 7] completed in 2.32s
2026-05-10 13:03:16 | INFO  | Epoch   7/15 | Train loss: 0.0264  acc: 0.9914 | Val loss: 0.0461  acc: 0.9850 | Time: 2.3s
2026-05-10 13:03:18 | INFO  | [Epoch 8] completed in 2.33s
2026-05-10 13:03:18 | INFO  | Epoch   8/15 | Train loss: 0.0226  acc: 0.9925 | Val loss: 0.0479  acc: 0.9862 | Time: 2.3s
2026-05-10 13:03:20 | INFO  | [Epoch 9] completed in 2.32s
2026-05-10 13:03:20 | INFO  | Epoch   9/15 | Train loss: 0.0203  acc: 0.9936 | Val loss: 0.0472  acc: 0.9870 | Time: 2.3s
2026-05-10 13:03:23 | INFO  | [Epoch 10] completed in 2.30s
2026-05-10 13:03:23 | INFO  | Epoch  10/15 | Train loss: 0.0180  acc: 0.9941 | Val loss: 0.0491  acc: 0.9872 | Time: 2.3s
2026-05-10 13:03:25 | INFO  | [Epoch 11] completed in 2.32s
2026-05-10 13:03:25 | INFO  | Epoch  11/15 | Train loss: 0.0137  acc: 0.9953 | Val loss: 0.0455  acc: 0.9862 | Time: 2.3s
2026-05-10 13:03:27 | INFO  | [Epoch 12] completed in 2.36s
2026-05-10 13:03:27 | INFO  | Epoch  12/15 | Train loss: 0.0136  acc: 0.9955 | Val loss: 0.0496  acc: 0.9870 | Time: 2.4s
2026-05-10 13:03:30 | INFO  | [Epoch 13] completed in 2.33s
2026-05-10 13:03:30 | INFO  | Epoch  13/15 | Train loss: 0.0134  acc: 0.9956 | Val loss: 0.0534  acc: 0.9865 | Time: 2.3s
2026-05-10 13:03:32 | INFO  | [Epoch 14] completed in 2.36s
2026-05-10 13:03:32 | INFO  | Epoch  14/15 | Train loss: 0.0130  acc: 0.9959 | Val loss: 0.0556  acc: 0.9877 | Time: 2.4s
2026-05-10 13:03:34 | INFO  | [Epoch 15] completed in 2.36s
2026-05-10 13:03:34 | INFO  | Epoch  15/15 | Train loss: 0.0113  acc: 0.9963 | Val loss: 0.0541  acc: 0.9865 | Time: 2.4s
2026-05-10 13:03:34 | INFO  | [Total training for lenet_relu_maxpool] completed in 34.86s
2026-05-10 13:03:34 | INFO  | Loaded best checkpoint (val acc: 0.9895, epoch 6)
2026-05-10 13:03:35 | INFO  | [Final test evaluation] completed in 0.46s
2026-05-10 13:03:35 | INFO  | Final test accuracy: 0.9876  (98.76%)
