2026-05-10 13:02:56 | INFO  | Logger initialised → /home/pe1/CV_Pro/CV_LeNets/logs/lenet_tanh_maxpool.log
2026-05-10 13:02:56 | INFO  | ============================================================
2026-05-10 13:02:56 | INFO  |   EXPERIMENT: lenet_tanh_maxpool
2026-05-10 13:02:56 | INFO  |   Activation : tanh
2026-05-10 13:02:56 | INFO  |   Pooling    : max
2026-05-10 13:02:56 | INFO  |   Epochs     : 1
2026-05-10 13:02:56 | INFO  |   Device     : cuda
2026-05-10 13:02:56 | INFO  | ============================================================
2026-05-10 13:02:56 | INFO  | Parameters  : 61,706
2026-05-10 13:02:56 | INFO  | Model size  : 0.2354 MB
2026-05-10 13:02:56 | INFO  | [Building model] completed in 0.00s
2026-05-10 13:02:57 | INFO  | [Epoch 1] completed in 0.11s
2026-05-10 13:02:57 | INFO  | Epoch   1/1 | Train loss: 2.3067  acc: 0.0781 | Val loss: 2.2835  acc: 0.0938 | Time: 0.1s
2026-05-10 13:02:57 | INFO  | Dry-run mode: stopping after first epoch.
2026-05-10 13:02:57 | INFO  | [Total training for lenet_tanh_maxpool] completed in 0.11s
2026-05-10 13:02:57 | INFO  | [Final test evaluation] completed in 0.06s
2026-05-10 13:02:57 | INFO  | Final test accuracy: 0.1094  (10.94%)
2026-05-10 13:04:10 | INFO  | Logger initialised → /home/pe1/CV_Pro/CV_LeNets/logs/lenet_tanh_maxpool.log
2026-05-10 13:04:10 | INFO  | ============================================================
2026-05-10 13:04:10 | INFO  |   EXPERIMENT: lenet_tanh_maxpool
2026-05-10 13:04:10 | INFO  |   Activation : tanh
2026-05-10 13:04:10 | INFO  |   Pooling    : max
2026-05-10 13:04:10 | INFO  |   Epochs     : 15
2026-05-10 13:04:10 | INFO  |   Device     : cuda
2026-05-10 13:04:10 | INFO  | ============================================================
2026-05-10 13:04:10 | INFO  | Parameters  : 61,706
2026-05-10 13:04:10 | INFO  | Model size  : 0.2354 MB
2026-05-10 13:04:10 | INFO  | [Building model] completed in 0.00s
2026-05-10 13:04:12 | INFO  | [Epoch 1] completed in 2.31s
2026-05-10 13:04:12 | INFO  | Epoch   1/15 | Train loss: 0.2344  acc: 0.9348 | Val loss: 0.0757  acc: 0.9782 | Time: 2.3s
2026-05-10 13:04:12 | INFO  |   ✓ New best val acc: 0.9782 — checkpoint saved → lenet_tanh_maxpool_best.pth
2026-05-10 13:04:14 | INFO  | [Epoch 2] completed in 2.30s
2026-05-10 13:04:14 | INFO  | Epoch   2/15 | Train loss: 0.0627  acc: 0.9812 | Val loss: 0.0569  acc: 0.9838 | Time: 2.3s
2026-05-10 13:04:14 | INFO  |   ✓ New best val acc: 0.9838 — checkpoint saved → lenet_tanh_maxpool_best.pth
2026-05-10 13:04:17 | INFO  | [Epoch 3] completed in 2.29s
2026-05-10 13:04:17 | INFO  | Epoch   3/15 | Train loss: 0.0421  acc: 0.9870 | Val loss: 0.0538  acc: 0.9842 | Time: 2.3s
2026-05-10 13:04:17 | INFO  |   ✓ New best val acc: 0.9842 — checkpoint saved → lenet_tanh_maxpool_best.pth
2026-05-10 13:04:19 | INFO  | [Epoch 4] completed in 2.31s
2026-05-10 13:04:19 | INFO  | Epoch   4/15 | Train loss: 0.0306  acc: 0.9902 | Val loss: 0.0475  acc: 0.9863 | Time: 2.3s
2026-05-10 13:04:19 | INFO  |   ✓ New best val acc: 0.9863 — checkpoint saved → lenet_tanh_maxpool_best.pth
2026-05-10 13:04:21 | INFO  | [Epoch 5] completed in 2.36s
2026-05-10 13:04:21 | INFO  | Epoch   5/15 | Train loss: 0.0227  acc: 0.9931 | Val loss: 0.0425  acc: 0.9892 | Time: 2.4s
2026-05-10 13:04:21 | INFO  |   ✓ New best val acc: 0.9892 — checkpoint saved → lenet_tanh_maxpool_best.pth
2026-05-10 13:04:24 | INFO  | [Epoch 6] completed in 2.29s
2026-05-10 13:04:24 | INFO  | Epoch   6/15 | Train loss: 0.0182  acc: 0.9945 | Val loss: 0.0511  acc: 0.9850 | Time: 2.3s
2026-05-10 13:04:26 | INFO  | [Epoch 7] completed in 2.31s
2026-05-10 13:04:26 | INFO  | Epoch   7/15 | Train loss: 0.0145  acc: 0.9957 | Val loss: 0.0509  acc: 0.9850 | Time: 2.3s
2026-05-10 13:04:28 | INFO  | [Epoch 8] completed in 2.34s
2026-05-10 13:04:28 | INFO  | Epoch   8/15 | Train loss: 0.0121  acc: 0.9963 | Val loss: 0.0463  acc: 0.9885 | Time: 2.3s
2026-05-10 13:04:31 | INFO  | [Epoch 9] completed in 2.35s
2026-05-10 13:04:31 | INFO  | Epoch   9/15 | Train loss: 0.0109  acc: 0.9966 | Val loss: 0.0460  acc: 0.9888 | Time: 2.3s
2026-05-10 13:04:33 | INFO  | [Epoch 10] completed in 2.31s
2026-05-10 13:04:33 | INFO  | Epoch  10/15 | Train loss: 0.0096  acc: 0.9971 | Val loss: 0.0541  acc: 0.9865 | Time: 2.3s
2026-05-10 13:04:35 | INFO  | [Epoch 11] completed in 2.36s
2026-05-10 13:04:35 | INFO  | Epoch  11/15 | Train loss: 0.0076  acc: 0.9977 | Val loss: 0.0514  acc: 0.9868 | Time: 2.4s
2026-05-10 13:04:38 | INFO  | [Epoch 12] completed in 2.32s
2026-05-10 13:04:38 | INFO  | Epoch  12/15 | Train loss: 0.0080  acc: 0.9972 | Val loss: 0.0456  acc: 0.9902 | Time: 2.3s
2026-05-10 13:04:38 | INFO  |   ✓ New best val acc: 0.9902 — checkpoint saved → lenet_tanh_maxpool_best.pth
2026-05-10 13:04:40 | INFO  | [Epoch 13] completed in 2.30s
2026-05-10 13:04:40 | INFO  | Epoch  13/15 | Train loss: 0.0075  acc: 0.9978 | Val loss: 0.0557  acc: 0.9867 | Time: 2.3s
2026-05-10 13:04:42 | INFO  | [Epoch 14] completed in 2.38s
2026-05-10 13:04:42 | INFO  | Epoch  14/15 | Train loss: 0.0059  acc: 0.9979 | Val loss: 0.0488  acc: 0.9887 | Time: 2.4s
2026-05-10 13:04:45 | INFO  | [Epoch 15] completed in 2.39s
2026-05-10 13:04:45 | INFO  | Epoch  15/15 | Train loss: 0.0041  acc: 0.9988 | Val loss: 0.0559  acc: 0.9870 | Time: 2.4s
2026-05-10 13:04:45 | INFO  | [Total training for lenet_tanh_maxpool] completed in 34.94s
2026-05-10 13:04:45 | INFO  | Loaded best checkpoint (val acc: 0.9902, epoch 12)
2026-05-10 13:04:45 | INFO  | [Final test evaluation] completed in 0.47s
2026-05-10 13:04:45 | INFO  | Final test accuracy: 0.9890  (98.90%)
