2026-05-10 13:02:57 | INFO  | Logger initialised → /home/pe1/CV_Pro/CV_LeNets/logs/lenet_leakyrelu_maxpool.log
2026-05-10 13:02:57 | INFO  | ============================================================
2026-05-10 13:02:57 | INFO  |   EXPERIMENT: lenet_leakyrelu_maxpool
2026-05-10 13:02:57 | INFO  |   Activation : leakyrelu
2026-05-10 13:02:57 | INFO  |   Pooling    : max
2026-05-10 13:02:57 | INFO  |   Epochs     : 1
2026-05-10 13:02:57 | INFO  |   Device     : cuda
2026-05-10 13:02:57 | INFO  | ============================================================
2026-05-10 13:02:57 | INFO  | Parameters  : 61,706
2026-05-10 13:02:57 | INFO  | Model size  : 0.2354 MB
2026-05-10 13:02:57 | INFO  | [Building model] completed in 0.00s
2026-05-10 13:02:57 | INFO  | [Epoch 1] completed in 0.13s
2026-05-10 13:02:57 | INFO  | Epoch   1/1 | Train loss: 2.2924  acc: 0.1094 | Val loss: 2.3136  acc: 0.0469 | Time: 0.1s
2026-05-10 13:02:57 | INFO  | Dry-run mode: stopping after first epoch.
2026-05-10 13:02:57 | INFO  | [Total training for lenet_leakyrelu_maxpool] completed in 0.13s
2026-05-10 13:02:57 | INFO  | [Final test evaluation] completed in 0.06s
2026-05-10 13:02:57 | INFO  | Final test accuracy: 0.0938  (9.38%)
2026-05-10 13:04:45 | INFO  | Logger initialised → /home/pe1/CV_Pro/CV_LeNets/logs/lenet_leakyrelu_maxpool.log
2026-05-10 13:04:45 | INFO  | ============================================================
2026-05-10 13:04:45 | INFO  |   EXPERIMENT: lenet_leakyrelu_maxpool
2026-05-10 13:04:45 | INFO  |   Activation : leakyrelu
2026-05-10 13:04:45 | INFO  |   Pooling    : max
2026-05-10 13:04:45 | INFO  |   Epochs     : 15
2026-05-10 13:04:45 | INFO  |   Device     : cuda
2026-05-10 13:04:45 | INFO  | ============================================================
2026-05-10 13:04:45 | INFO  | Parameters  : 61,706
2026-05-10 13:04:45 | INFO  | Model size  : 0.2354 MB
2026-05-10 13:04:45 | INFO  | [Building model] completed in 0.00s
2026-05-10 13:04:47 | INFO  | [Epoch 1] completed in 2.34s
2026-05-10 13:04:47 | INFO  | Epoch   1/15 | Train loss: 0.2354  acc: 0.9287 | Val loss: 0.0900  acc: 0.9715 | Time: 2.3s
2026-05-10 13:04:47 | INFO  |   ✓ New best val acc: 0.9715 — checkpoint saved → lenet_leakyrelu_maxpool_best.pth
2026-05-10 13:04:50 | INFO  | [Epoch 2] completed in 2.34s
2026-05-10 13:04:50 | INFO  | Epoch   2/15 | Train loss: 0.0709  acc: 0.9779 | Val loss: 0.0634  acc: 0.9808 | Time: 2.3s
2026-05-10 13:04:50 | INFO  |   ✓ New best val acc: 0.9808 — checkpoint saved → lenet_leakyrelu_maxpool_best.pth
2026-05-10 13:04:52 | INFO  | [Epoch 3] completed in 2.30s
2026-05-10 13:04:52 | INFO  | Epoch   3/15 | Train loss: 0.0503  acc: 0.9845 | Val loss: 0.0600  acc: 0.9840 | Time: 2.3s
2026-05-10 13:04:52 | INFO  |   ✓ New best val acc: 0.9840 — checkpoint saved → lenet_leakyrelu_maxpool_best.pth
2026-05-10 13:04:54 | INFO  | [Epoch 4] completed in 2.32s
2026-05-10 13:04:54 | INFO  | Epoch   4/15 | Train loss: 0.0401  acc: 0.9873 | Val loss: 0.0457  acc: 0.9865 | Time: 2.3s
2026-05-10 13:04:54 | INFO  |   ✓ New best val acc: 0.9865 — checkpoint saved → lenet_leakyrelu_maxpool_best.pth
2026-05-10 13:04:57 | INFO  | [Epoch 5] completed in 2.29s
2026-05-10 13:04:57 | INFO  | Epoch   5/15 | Train loss: 0.0313  acc: 0.9901 | Val loss: 0.0484  acc: 0.9857 | Time: 2.3s
2026-05-10 13:04:59 | INFO  | [Epoch 6] completed in 2.29s
2026-05-10 13:04:59 | INFO  | Epoch   6/15 | Train loss: 0.0271  acc: 0.9910 | Val loss: 0.0379  acc: 0.9900 | Time: 2.3s
2026-05-10 13:04:59 | INFO  |   ✓ New best val acc: 0.9900 — checkpoint saved → lenet_leakyrelu_maxpool_best.pth
2026-05-10 13:05:01 | INFO  | [Epoch 7] completed in 2.34s
2026-05-10 13:05:01 | INFO  | Epoch   7/15 | Train loss: 0.0231  acc: 0.9929 | Val loss: 0.0385  acc: 0.9897 | Time: 2.3s
2026-05-10 13:05:04 | INFO  | [Epoch 8] completed in 2.28s
2026-05-10 13:05:04 | INFO  | Epoch   8/15 | Train loss: 0.0209  acc: 0.9931 | Val loss: 0.0492  acc: 0.9867 | Time: 2.3s
2026-05-10 13:05:06 | INFO  | [Epoch 9] completed in 2.30s
2026-05-10 13:05:06 | INFO  | Epoch   9/15 | Train loss: 0.0167  acc: 0.9946 | Val loss: 0.0347  acc: 0.9913 | Time: 2.3s
2026-05-10 13:05:06 | INFO  |   ✓ New best val acc: 0.9913 — checkpoint saved → lenet_leakyrelu_maxpool_best.pth
2026-05-10 13:05:08 | INFO  | [Epoch 10] completed in 2.34s
2026-05-10 13:05:08 | INFO  | Epoch  10/15 | Train loss: 0.0153  acc: 0.9949 | Val loss: 0.0384  acc: 0.9902 | Time: 2.3s
2026-05-10 13:05:11 | INFO  | [Epoch 11] completed in 2.33s
2026-05-10 13:05:11 | INFO  | Epoch  11/15 | Train loss: 0.0124  acc: 0.9956 | Val loss: 0.0476  acc: 0.9872 | Time: 2.3s
2026-05-10 13:05:13 | INFO  | [Epoch 12] completed in 2.30s
2026-05-10 13:05:13 | INFO  | Epoch  12/15 | Train loss: 0.0156  acc: 0.9949 | Val loss: 0.0445  acc: 0.9888 | Time: 2.3s
2026-05-10 13:05:15 | INFO  | [Epoch 13] completed in 2.30s
2026-05-10 13:05:15 | INFO  | Epoch  13/15 | Train loss: 0.0091  acc: 0.9971 | Val loss: 0.0511  acc: 0.9885 | Time: 2.3s
2026-05-10 13:05:17 | INFO  | [Epoch 14] completed in 2.27s
2026-05-10 13:05:17 | INFO  | Epoch  14/15 | Train loss: 0.0108  acc: 0.9965 | Val loss: 0.0500  acc: 0.9878 | Time: 2.3s
2026-05-10 13:05:20 | INFO  | [Epoch 15] completed in 2.30s
2026-05-10 13:05:20 | INFO  | Epoch  15/15 | Train loss: 0.0104  acc: 0.9966 | Val loss: 0.0578  acc: 0.9875 | Time: 2.3s
2026-05-10 13:05:20 | INFO  | [Total training for lenet_leakyrelu_maxpool] completed in 34.65s
2026-05-10 13:05:20 | INFO  | Loaded best checkpoint (val acc: 0.9913, epoch 9)
2026-05-10 13:05:20 | INFO  | [Final test evaluation] completed in 0.45s
2026-05-10 13:05:20 | INFO  | Final test accuracy: 0.9908  (99.08%)
